<?xml version="1.0" encoding="UTF-8"?>
<testsuites name="jest tests" tests="4" failures="0" errors="0" time="21.097">
  <testsuite name="10.c.1 Satellite" errors="0" failures="0" skipped="0" timestamp="2024-12-30T10:28:13" time="8.059" tests="4">
    <testcase classname="10.c.1 Satellite 10.c.1.1 Satellite has data" name="10.c.1 Satellite 10.c.1.1 Satellite has data" time="0.006">
    </testcase>
    <testcase classname="10.c.1 Satellite 10.c.1.3 with radius 42000k" name="10.c.1 Satellite 10.c.1.3 with radius 42000k" time="0.017">
    </testcase>
    <testcase classname="10.c.1 Satellite 10.c.1.4 with radius 101010k" name="10.c.1 Satellite 10.c.1.4 with radius 101010k" time="0.006">
    </testcase>
    <testcase classname="10.c.1 Satellite 10.c.1.5 with radius 7400k" name="10.c.1 Satellite 10.c.1.5 with radius 7400k" time="0.006">
    </testcase>
  </testsuite>
</testsuites>