<?xml version="1.0" encoding="UTF-8"?>
<testsuites name="jest tests" tests="7" failures="1" errors="0" time="26.746">
  <testsuite name="11.h.1 Recipes" errors="0" failures="1" skipped="0" timestamp="2025-01-28T20:59:33" time="7.777" tests="7">
    <testcase classname="11.h.1 Recipes 11.h.1.1 Recipes has data" name="11.h.1 Recipes 11.h.1.1 Recipes has data" time="0.001">
    </testcase>
    <testcase classname="11.h.1 Recipes 11.h.1.2 Cards is a Vue instance" name="11.h.1 Recipes 11.h.1.2 Cards is a Vue instance" time="0.001">
    </testcase>
    <testcase classname="11.h.1 Recipes 11.h.1.3 add first recipe" name="11.h.1 Recipes 11.h.1.3 add first recipe" time="0.047">
    </testcase>
    <testcase classname="11.h.1 Recipes 11.h.1.4 add second recipe" name="11.h.1 Recipes 11.h.1.4 add second recipe" time="0.022">
    </testcase>
    <testcase classname="11.h.1 Recipes 11.h.1.5 remove first recipe" name="11.h.1 Recipes 11.h.1.5 remove first recipe" time="0.007">
    </testcase>
    <testcase classname="11.h.1 Recipes 11.h.1.6 remove second recipe" name="11.h.1 Recipes 11.h.1.6 remove second recipe" time="0.005">
    </testcase>
    <testcase classname="11.h.1 Recipes 11.h.1.6 remove second recipe" name="11.h.1 Recipes 11.h.1.6 remove second recipe" time="0.002">
      <failure>Error: [vue-test-utils]: no item exists at 0
    at throwError (C:\Wissam\FullStack\JavaScript\js-course\node_modules\@vue\test-utils\dist\vue-test-utils.js:1700:9)
    at WrapperArray.at (C:\Wissam\FullStack\JavaScript\js-course\node_modules\@vue\test-utils\dist\vue-test-utils.js:8537:5)
    at call (C:\Wissam\FullStack\JavaScript\js-course\Lessons\11. Vue. Reactivity. VDOM. Emits. Props\Homework\Task 1. Recipes\index.test.js:92:87)
    at tryCatch (C:\Wissam\FullStack\JavaScript\js-course\Lessons\11. Vue. Reactivity. VDOM. Emits. Props\Homework\Task 1. Recipes\index.test.js:2:1)
    at Generator._invoke (C:\Wissam\FullStack\JavaScript\js-course\Lessons\11. Vue. Reactivity. VDOM. Emits. Props\Homework\Task 1. Recipes\index.test.js:2:1)
    at Generator.next (C:\Wissam\FullStack\JavaScript\js-course\Lessons\11. Vue. Reactivity. VDOM. Emits. Props\Homework\Task 1. Recipes\index.test.js:2:1)
    at asyncGeneratorStep (C:\Wissam\FullStack\JavaScript\js-course\Lessons\11. Vue. Reactivity. VDOM. Emits. Props\Homework\Task 1. Recipes\index.test.js:2:1)
    at _next (C:\Wissam\FullStack\JavaScript\js-course\Lessons\11. Vue. Reactivity. VDOM. Emits. Props\Homework\Task 1. Recipes\index.test.js:2:1)
    at C:\Wissam\FullStack\JavaScript\js-course\Lessons\11. Vue. Reactivity. VDOM. Emits. Props\Homework\Task 1. Recipes\index.test.js:2:1
    at new Promise (&lt;anonymous&gt;)
    at Object.&lt;anonymous&gt; (C:\Wissam\FullStack\JavaScript\js-course\Lessons\11. Vue. Reactivity. VDOM. Emits. Props\Homework\Task 1. Recipes\index.test.js:2:1)
    at Promise.then.completed (C:\Wissam\FullStack\JavaScript\js-course\node_modules\jest-circus\build\utils.js:391:28)
    at new Promise (&lt;anonymous&gt;)
    at callAsyncCircusFn (C:\Wissam\FullStack\JavaScript\js-course\node_modules\jest-circus\build\utils.js:316:10)
    at _callCircusTest (C:\Wissam\FullStack\JavaScript\js-course\node_modules\jest-circus\build\run.js:218:40)
    at processTicksAndRejections (node:internal/process/task_queues:105:5)
    at _runTest (C:\Wissam\FullStack\JavaScript\js-course\node_modules\jest-circus\build\run.js:155:3)
    at _runTestsForDescribeBlock (C:\Wissam\FullStack\JavaScript\js-course\node_modules\jest-circus\build\run.js:66:9)
    at _runTestsForDescribeBlock (C:\Wissam\FullStack\JavaScript\js-course\node_modules\jest-circus\build\run.js:60:9)
    at run (C:\Wissam\FullStack\JavaScript\js-course\node_modules\jest-circus\build\run.js:25:3)
    at runAndTransformResultsToJestFormat (C:\Wissam\FullStack\JavaScript\js-course\node_modules\jest-circus\build\legacy-code-todo-rewrite\jestAdapterInit.js:170:21)
    at jestAdapter (C:\Wissam\FullStack\JavaScript\js-course\node_modules\jest-circus\build\legacy-code-todo-rewrite\jestAdapter.js:82:19)
    at runTestInternal (C:\Wissam\FullStack\JavaScript\js-course\node_modules\jest-runner\build\runTest.js:389:16)
    at runTest (C:\Wissam\FullStack\JavaScript\js-course\node_modules\jest-runner\build\runTest.js:475:34)
    at Object.worker (C:\Wissam\FullStack\JavaScript\js-course\node_modules\jest-runner\build\testWorker.js:133:12)</failure>
    </testcase>
  </testsuite>
</testsuites>